[12:43:31] [ServerMain/INFO]: Environment: authHost='https://authserver.mojang.com', accountsHost='https://api.mojang.com', sessionHost='https://sessionserver.mojang.com', servicesHost='https://api.minecraftservices.com', name='PROD'
[12:43:33] [ServerMain/INFO]: Loaded 7 recipes
[12:43:35] [Server thread/INFO]: Starting minecraft server version 1.19.4
[12:43:35] [Server thread/INFO]: Loading properties
[12:43:35] [Server thread/INFO]: This server is running CraftBukkit version 3760-Spigot-7d7b241-1f2dd8e (MC: 1.19.4) (Implementing API version 1.19.4-R0.1-SNAPSHOT)
[12:43:35] [Server thread/INFO]: Debug logging is disabled
[12:43:35] [Server thread/INFO]: Server Ping Player Sample Count: 12
[12:43:35] [Server thread/INFO]: Using 4 threads for Netty based IO
[12:43:35] [Server thread/INFO]: Default game type: SURVIVAL
[12:43:35] [Server thread/INFO]: Generating keypair
[12:43:35] [Server thread/INFO]: Starting Minecraft server on *:25565
[12:43:35] [Server thread/INFO]: Using default channel type
[12:43:37] [Server thread/INFO]: [Vault] Loading Vault v1.7.3-b131
[12:43:37] [Server thread/INFO]: [PlaceholderAPI] Loading PlaceholderAPI v2.11.3
[12:43:37] [Server thread/INFO]: [CMILib] Loading CMILib v1.2.5.5
[12:43:37] [Server thread/INFO]: [voicechat] Loading voicechat v2.4.8
[12:43:37] [Server thread/INFO]: [WorldEdit] Loading WorldEdit v7.2.14+6360-094b734
[12:43:37] [Server thread/INFO]: Got request to register class com.sk89q.worldedit.bukkit.BukkitServerInterface with WorldEdit [com.sk89q.worldedit.extension.platform.PlatformManager@284f41ea]
[12:43:37] [Server thread/INFO]: [Essentials] Loading Essentials v2.20.0
[12:43:37] [Server thread/INFO]: [WorldGuard] Loading WorldGuard v7.0.8-beta-01+cbb2ba7
[12:43:37] [Server thread/INFO]: [Citizens] Loading Citizens v2.0.31-SNAPSHOT (build 3100)
[12:43:37] [Server thread/INFO]: [SimpleScore] Loading SimpleScore v3.12.2
[12:43:38] [Server thread/INFO]: [Residence] Loading Residence v5.1.1.3
[12:43:38] [Server thread/INFO]: [dtlTraders] Loading dtlTraders v6.4.18
[12:43:38] [Server thread/INFO]: [Vault] Enabling Vault v1.7.3-b131
[12:43:38] [Server thread/WARN]: [Vault] Loaded class com.earth2me.essentials.api.Economy from Essentials v2.20.0 which is not a depend or softdepend of this plugin.
[12:43:38] [Server thread/INFO]: [Vault] [Economy] Essentials Economy found: Waiting
[12:43:38] [Server thread/INFO]: [Vault] [Permission] SuperPermissions loaded as backup permission system.
[12:43:38] [Server thread/INFO]: [Vault] Enabled Version 1.7.3-b131
[12:43:38] [Server thread/INFO]: [WorldEdit] Enabling WorldEdit v7.2.14+6360-094b734
[12:43:38] [Server thread/INFO]: Registering commands with com.sk89q.worldedit.bukkit.BukkitServerInterface
[12:43:38] [Server thread/INFO]: WEPIF: Vault detected! Using Vault for permissions
[12:43:38] [Server thread/INFO]: Using com.sk89q.worldedit.bukkit.adapter.impl.v1_19_R3.PaperweightAdapter as the Bukkit adapter
[12:43:40] [Server thread/INFO]: [WorldEdit] ====================================================
[12:43:40] [Server thread/INFO]: [WorldEdit]  WorldEdit works better if you use Paper 
[12:43:40] [Server thread/INFO]: [WorldEdit]  as your server software. 
[12:43:40] [Server thread/INFO]: [WorldEdit]   
[12:43:40] [Server thread/INFO]: [WorldEdit]  Paper offers significant performance improvements,
[12:43:40] [Server thread/INFO]: [WorldEdit]  bug fixes, security enhancements and optional
[12:43:40] [Server thread/INFO]: [WorldEdit]  features for server owners to enhance their server.
[12:43:40] [Server thread/INFO]: [WorldEdit]   
[12:43:40] [Server thread/INFO]: [WorldEdit]  Paper includes Timings v2, which is significantly
[12:43:40] [Server thread/INFO]: [WorldEdit]  better at diagnosing lag problems over v1.
[12:43:40] [Server thread/INFO]: [WorldEdit]   
[12:43:40] [Server thread/INFO]: [WorldEdit]  All of your plugins should still work, and the
[12:43:40] [Server thread/INFO]: [WorldEdit]  Paper community will gladly help you fix any issues.
[12:43:40] [Server thread/INFO]: [WorldEdit]   
[12:43:40] [Server thread/INFO]: [WorldEdit]  Join the Paper Community @ https://papermc.io
[12:43:40] [Server thread/INFO]: [WorldEdit] ====================================================
[12:43:40] [Server thread/INFO]: Preparing level "world"
[12:43:40] [Server thread/INFO]: -------- World Settings For [world] --------
[12:43:40] [Server thread/INFO]: Allow Zombie Pigmen to spawn from portal blocks: true
[12:43:40] [Server thread/INFO]: Arrow Despawn Rate: 1200 Trident Respawn Rate:1200
[12:43:40] [Server thread/INFO]: Item Despawn Rate: 6000
[12:43:40] [Server thread/INFO]: Item Merge Radius: 2.5
[12:43:40] [Server thread/INFO]: View Distance: 10
[12:43:40] [Server thread/INFO]: Simulation Distance: 10
[12:43:40] [Server thread/INFO]: Mob Spawn Range: 6
[12:43:40] [Server thread/INFO]: Zombie Aggressive Towards Villager: true
[12:43:40] [Server thread/INFO]: Nerfing mobs spawned from spawners: false
[12:43:40] [Server thread/INFO]: Experience Merge Radius: 3.0
[12:43:40] [Server thread/INFO]: Cactus Growth Modifier: 100%
[12:43:40] [Server thread/INFO]: Cane Growth Modifier: 100%
[12:43:40] [Server thread/INFO]: Melon Growth Modifier: 100%
[12:43:40] [Server thread/INFO]: Mushroom Growth Modifier: 100%
[12:43:40] [Server thread/INFO]: Pumpkin Growth Modifier: 100%
[12:43:40] [Server thread/INFO]: Sapling Growth Modifier: 100%
[12:43:40] [Server thread/INFO]: Beetroot Growth Modifier: 100%
[12:43:40] [Server thread/INFO]: Carrot Growth Modifier: 100%
[12:43:40] [Server thread/INFO]: Potato Growth Modifier: 100%
[12:43:40] [Server thread/INFO]: Wheat Growth Modifier: 100%
[12:43:40] [Server thread/INFO]: NetherWart Growth Modifier: 100%
[12:43:40] [Server thread/INFO]: Vine Growth Modifier: 100%
[12:43:40] [Server thread/INFO]: Cocoa Growth Modifier: 100%
[12:43:40] [Server thread/INFO]: Bamboo Growth Modifier: 100%
[12:43:40] [Server thread/INFO]: SweetBerry Growth Modifier: 100%
[12:43:40] [Server thread/INFO]: Kelp Growth Modifier: 100%
[12:43:40] [Server thread/INFO]: TwistingVines Growth Modifier: 100%
[12:43:40] [Server thread/INFO]: WeepingVines Growth Modifier: 100%
[12:43:40] [Server thread/INFO]: CaveVines Growth Modifier: 100%
[12:43:40] [Server thread/INFO]: Entity Activation Range: An 32 / Mo 32 / Ra 48 / Mi 16 / Tiv true / Isa false
[12:43:40] [Server thread/INFO]: Entity Tracking Range: Pl 48 / An 48 / Mo 48 / Mi 32 / Di 128 / Other 64
[12:43:40] [Server thread/INFO]: Hopper Transfer: 8 Hopper Check: 1 Hopper Amount: 1 Hopper Can Load Chunks: false
[12:43:40] [Server thread/INFO]: Custom Map Seeds:  Village: 10387312 Desert: 14357617 Igloo: 14357618 Jungle: 14357619 Swamp: 14357620 Monument: 10387313 Ocean: 14357621 Shipwreck: 165745295 End City: 10387313 Slime: 987234911 Nether: 30084232 Mansion: 10387319 Fossil: 14357921 Portal: 34222645
[12:43:40] [Server thread/INFO]: Tile Max Tick Time: 50ms Entity max Tick Time: 50ms
[12:43:40] [Server thread/INFO]: Max TNT Explosions: 100
[12:43:41] [Server thread/INFO]: -------- World Settings For [world_nether] --------
[12:43:41] [Server thread/INFO]: Allow Zombie Pigmen to spawn from portal blocks: true
[12:43:41] [Server thread/INFO]: Arrow Despawn Rate: 1200 Trident Respawn Rate:1200
[12:43:41] [Server thread/INFO]: Item Despawn Rate: 6000
[12:43:41] [Server thread/INFO]: Item Merge Radius: 2.5
[12:43:41] [Server thread/INFO]: View Distance: 10
[12:43:41] [Server thread/INFO]: Simulation Distance: 10
[12:43:41] [Server thread/INFO]: Mob Spawn Range: 6
[12:43:41] [Server thread/INFO]: Zombie Aggressive Towards Villager: true
[12:43:41] [Server thread/INFO]: Nerfing mobs spawned from spawners: false
[12:43:41] [Server thread/INFO]: Experience Merge Radius: 3.0
[12:43:41] [Server thread/INFO]: Cactus Growth Modifier: 100%
[12:43:41] [Server thread/INFO]: Cane Growth Modifier: 100%
[12:43:41] [Server thread/INFO]: Melon Growth Modifier: 100%
[12:43:41] [Server thread/INFO]: Mushroom Growth Modifier: 100%
[12:43:41] [Server thread/INFO]: Pumpkin Growth Modifier: 100%
[12:43:41] [Server thread/INFO]: Sapling Growth Modifier: 100%
[12:43:41] [Server thread/INFO]: Beetroot Growth Modifier: 100%
[12:43:41] [Server thread/INFO]: Carrot Growth Modifier: 100%
[12:43:41] [Server thread/INFO]: Potato Growth Modifier: 100%
[12:43:41] [Server thread/INFO]: Wheat Growth Modifier: 100%
[12:43:41] [Server thread/INFO]: NetherWart Growth Modifier: 100%
[12:43:41] [Server thread/INFO]: Vine Growth Modifier: 100%
[12:43:41] [Server thread/INFO]: Cocoa Growth Modifier: 100%
[12:43:41] [Server thread/INFO]: Bamboo Growth Modifier: 100%
[12:43:41] [Server thread/INFO]: SweetBerry Growth Modifier: 100%
[12:43:41] [Server thread/INFO]: Kelp Growth Modifier: 100%
[12:43:41] [Server thread/INFO]: TwistingVines Growth Modifier: 100%
[12:43:41] [Server thread/INFO]: WeepingVines Growth Modifier: 100%
[12:43:41] [Server thread/INFO]: CaveVines Growth Modifier: 100%
[12:43:41] [Server thread/INFO]: Entity Activation Range: An 32 / Mo 32 / Ra 48 / Mi 16 / Tiv true / Isa false
[12:43:41] [Server thread/INFO]: Entity Tracking Range: Pl 48 / An 48 / Mo 48 / Mi 32 / Di 128 / Other 64
[12:43:41] [Server thread/INFO]: Hopper Transfer: 8 Hopper Check: 1 Hopper Amount: 1 Hopper Can Load Chunks: false
[12:43:41] [Server thread/INFO]: Custom Map Seeds:  Village: 10387312 Desert: 14357617 Igloo: 14357618 Jungle: 14357619 Swamp: 14357620 Monument: 10387313 Ocean: 14357621 Shipwreck: 165745295 End City: 10387313 Slime: 987234911 Nether: 30084232 Mansion: 10387319 Fossil: 14357921 Portal: 34222645
[12:43:41] [Server thread/INFO]: Tile Max Tick Time: 50ms Entity max Tick Time: 50ms
[12:43:41] [Server thread/INFO]: Max TNT Explosions: 100
[12:43:42] [Server thread/INFO]: -------- World Settings For [world_the_end] --------
[12:43:42] [Server thread/INFO]: Allow Zombie Pigmen to spawn from portal blocks: true
[12:43:42] [Server thread/INFO]: Arrow Despawn Rate: 1200 Trident Respawn Rate:1200
[12:43:42] [Server thread/INFO]: Item Despawn Rate: 6000
[12:43:42] [Server thread/INFO]: Item Merge Radius: 2.5
[12:43:42] [Server thread/INFO]: View Distance: 10
[12:43:42] [Server thread/INFO]: Simulation Distance: 10
[12:43:42] [Server thread/INFO]: Mob Spawn Range: 6
[12:43:42] [Server thread/INFO]: Zombie Aggressive Towards Villager: true
[12:43:42] [Server thread/INFO]: Nerfing mobs spawned from spawners: false
[12:43:42] [Server thread/INFO]: Experience Merge Radius: 3.0
[12:43:42] [Server thread/INFO]: Cactus Growth Modifier: 100%
[12:43:42] [Server thread/INFO]: Cane Growth Modifier: 100%
[12:43:42] [Server thread/INFO]: Melon Growth Modifier: 100%
[12:43:42] [Server thread/INFO]: Mushroom Growth Modifier: 100%
[12:43:42] [Server thread/INFO]: Pumpkin Growth Modifier: 100%
[12:43:42] [Server thread/INFO]: Sapling Growth Modifier: 100%
[12:43:42] [Server thread/INFO]: Beetroot Growth Modifier: 100%
[12:43:42] [Server thread/INFO]: Carrot Growth Modifier: 100%
[12:43:42] [Server thread/INFO]: Potato Growth Modifier: 100%
[12:43:42] [Server thread/INFO]: Wheat Growth Modifier: 100%
[12:43:42] [Server thread/INFO]: NetherWart Growth Modifier: 100%
[12:43:42] [Server thread/INFO]: Vine Growth Modifier: 100%
[12:43:42] [Server thread/INFO]: Cocoa Growth Modifier: 100%
[12:43:42] [Server thread/INFO]: Bamboo Growth Modifier: 100%
[12:43:42] [Server thread/INFO]: SweetBerry Growth Modifier: 100%
[12:43:42] [Server thread/INFO]: Kelp Growth Modifier: 100%
[12:43:42] [Server thread/INFO]: TwistingVines Growth Modifier: 100%
[12:43:42] [Server thread/INFO]: WeepingVines Growth Modifier: 100%
[12:43:42] [Server thread/INFO]: CaveVines Growth Modifier: 100%
[12:43:42] [Server thread/INFO]: Entity Activation Range: An 32 / Mo 32 / Ra 48 / Mi 16 / Tiv true / Isa false
[12:43:42] [Server thread/INFO]: Entity Tracking Range: Pl 48 / An 48 / Mo 48 / Mi 32 / Di 128 / Other 64
[12:43:42] [Server thread/INFO]: Hopper Transfer: 8 Hopper Check: 1 Hopper Amount: 1 Hopper Can Load Chunks: false
[12:43:42] [Server thread/INFO]: Custom Map Seeds:  Village: 10387312 Desert: 14357617 Igloo: 14357618 Jungle: 14357619 Swamp: 14357620 Monument: 10387313 Ocean: 14357621 Shipwreck: 165745295 End City: 10387313 Slime: 987234911 Nether: 30084232 Mansion: 10387319 Fossil: 14357921 Portal: 34222645
[12:43:42] [Server thread/INFO]: Tile Max Tick Time: 50ms Entity max Tick Time: 50ms
[12:43:42] [Server thread/INFO]: Max TNT Explosions: 100
[12:43:42] [Server thread/INFO]: Preparing start region for dimension minecraft:overworld
[12:43:48] [Worker-Main-6/INFO]: Preparing spawn area: 0%
[12:43:48] [Worker-Main-6/INFO]: Preparing spawn area: 0%
[12:43:48] [Worker-Main-6/INFO]: Preparing spawn area: 0%
[12:43:48] [Worker-Main-6/INFO]: Preparing spawn area: 0%
[12:43:48] [Worker-Main-6/INFO]: Preparing spawn area: 0%
[12:43:48] [Worker-Main-6/INFO]: Preparing spawn area: 0%
[12:43:48] [Worker-Main-6/INFO]: Preparing spawn area: 0%
[12:43:48] [Worker-Main-6/INFO]: Preparing spawn area: 0%
[12:43:48] [Worker-Main-6/INFO]: Preparing spawn area: 0%
[12:43:48] [Worker-Main-6/INFO]: Preparing spawn area: 0%
[12:43:48] [Worker-Main-6/INFO]: Preparing spawn area: 0%
[12:43:48] [Worker-Main-6/INFO]: Preparing spawn area: 0%
[12:43:48] [Worker-Main-6/INFO]: Preparing spawn area: 0%
[12:43:49] [Worker-Main-6/INFO]: Preparing spawn area: 0%
[12:43:49] [Worker-Main-3/INFO]: Preparing spawn area: 11%
[12:43:50] [Worker-Main-8/INFO]: Preparing spawn area: 15%
[12:43:50] [Server thread/INFO]: Time elapsed: 8114 ms
[12:43:50] [Server thread/INFO]: Preparing start region for dimension minecraft:the_nether
[12:43:56] [Worker-Main-11/INFO]: Preparing spawn area: 0%
[12:43:56] [Worker-Main-9/INFO]: Preparing spawn area: 0%
[12:43:56] [Worker-Main-7/INFO]: Preparing spawn area: 0%
[12:43:56] [Worker-Main-10/INFO]: Preparing spawn area: 0%
[12:43:56] [Worker-Main-7/INFO]: Preparing spawn area: 0%
[12:43:56] [Worker-Main-7/INFO]: Preparing spawn area: 0%
[12:43:56] [Worker-Main-7/INFO]: Preparing spawn area: 0%
[12:43:56] [Worker-Main-7/INFO]: Preparing spawn area: 0%
[12:43:56] [Worker-Main-5/INFO]: Preparing spawn area: 0%
[12:43:56] [Worker-Main-8/INFO]: Preparing spawn area: 0%
[12:43:56] [Worker-Main-1/INFO]: Preparing spawn area: 0%
[12:43:56] [Worker-Main-9/INFO]: Preparing spawn area: 0%
[12:43:56] [Worker-Main-10/INFO]: Preparing spawn area: 2%
[12:43:57] [Worker-Main-3/INFO]: Preparing spawn area: 46%
[12:43:58] [Worker-Main-6/INFO]: Preparing spawn area: 83%
[12:43:58] [Server thread/INFO]: Time elapsed: 7347 ms
[12:43:58] [Server thread/INFO]: Preparing start region for dimension minecraft:the_end
[12:44:01] [Worker-Main-11/INFO]: Preparing spawn area: 0%
[12:44:01] [Worker-Main-11/INFO]: Preparing spawn area: 0%
[12:44:01] [Worker-Main-11/INFO]: Preparing spawn area: 0%
[12:44:01] [Worker-Main-2/INFO]: Preparing spawn area: 0%
[12:44:01] [Worker-Main-2/INFO]: Preparing spawn area: 0%
[12:44:01] [Worker-Main-11/INFO]: Preparing spawn area: 0%
[12:44:01] [Worker-Main-9/INFO]: Preparing spawn area: 0%
[12:44:01] [Worker-Main-9/INFO]: Preparing spawn area: 30%
[12:44:02] [Server thread/INFO]: Time elapsed: 3973 ms
[12:44:02] [Server thread/INFO]: [PlaceholderAPI] Enabling PlaceholderAPI v2.11.3
[12:44:02] [Server thread/INFO]: [PlaceholderAPI] Fetching available expansion information...
[12:44:02] [Server thread/INFO]: [CMILib] Enabling CMILib v1.2.5.5
[12:44:04] [Server thread/INFO]: [0;36;22mServer version: v1_19_R3 - 1.19.4 - spigot[m
[12:44:04] [Server thread/INFO]: [PlaceholderAPI] Successfully registered expansion: cmil [1.2.5.5]
[12:44:04] [Server thread/INFO]: PlaceholderAPI hooked.[m
[12:44:05] [Server thread/INFO]: Updated (EN) language file. Took [0;33;22m126ms[m
[12:44:05] [Server thread/INFO]: [voicechat] Enabling voicechat v2.4.8
[12:44:05] [Server thread/INFO]: Initializing compatibility for Bukkit version 1.19.4-R0.1
[12:44:05] [Server thread/INFO]: Compatibility version 17
[12:44:05] [Server thread/WARN]: Commodore command completion is not supported
[12:44:05] [Server thread/INFO]: [PlaceholderAPI] Successfully registered expansion: voicechat [2.4.8]
[12:44:05] [Server thread/INFO]: Successfully registered PlaceholderAPI expansion
[12:44:05] [Server thread/INFO]: [Essentials] Enabling Essentials v2.20.0
[12:44:05] [Server thread/INFO]: You are running a server with limited API functionality. EssentialsX will still work, but certain features may be disabled.
[12:44:05] [Server thread/INFO]: Attempting to convert old kits in config.yml to new kits.yml
[12:44:05] [Server thread/INFO]: No kits found to migrate.
[12:44:05] [Server thread/INFO]: Loaded 38132 items from items.json.
[12:44:05] [Server thread/INFO]: Using locale ko_KR
[12:44:06] [Server thread/INFO]: ServerListPingEvent: Spigot iterator API
[12:44:06] [Server thread/INFO]: Starting Metrics. Opt-out using the global bStats config.
[12:44:06] [Server thread/INFO]: [Vault] [Economy] Essentials Economy hooked.
[12:44:06] [Server thread/INFO]: Using superperms-based permissions.
[12:44:06] [Server thread/INFO]: [WorldGuard] Enabling WorldGuard v7.0.8-beta-01+cbb2ba7
[12:44:06] [Server thread/INFO]: [WorldGuard] (world) TNT ignition is PERMITTED.
[12:44:06] [Server thread/INFO]: [WorldGuard] (world) Lighters are PERMITTED.
[12:44:06] [Server thread/INFO]: [WorldGuard] (world) Lava fire is PERMITTED.
[12:44:06] [Server thread/INFO]: [WorldGuard] (world) Fire spread is UNRESTRICTED.
[12:44:06] [Server thread/INFO]: [WorldGuard] Loaded configuration for world 'world'
[12:44:06] [Server thread/INFO]: [WorldGuard] (world_nether) TNT ignition is PERMITTED.
[12:44:06] [Server thread/INFO]: [WorldGuard] (world_nether) Lighters are PERMITTED.
[12:44:06] [Server thread/INFO]: [WorldGuard] (world_nether) Lava fire is PERMITTED.
[12:44:06] [Server thread/INFO]: [WorldGuard] (world_nether) Fire spread is UNRESTRICTED.
[12:44:06] [Server thread/INFO]: [WorldGuard] Loaded configuration for world 'world_nether'
[12:44:06] [Server thread/INFO]: [WorldGuard] (world_the_end) TNT ignition is PERMITTED.
[12:44:06] [Server thread/INFO]: [WorldGuard] (world_the_end) Lighters are PERMITTED.
[12:44:06] [Server thread/INFO]: [WorldGuard] (world_the_end) Lava fire is PERMITTED.
[12:44:06] [Server thread/INFO]: [WorldGuard] (world_the_end) Fire spread is UNRESTRICTED.
[12:44:06] [Server thread/INFO]: [WorldGuard] Loaded configuration for world 'world_the_end'
[12:44:06] [Server thread/INFO]: [WorldGuard] Loading region data...
[12:44:06] [Server thread/INFO]: [Citizens] Enabling Citizens v2.0.31-SNAPSHOT (build 3100)
[12:44:06] [Server thread/INFO]: [Citizens] Loading external libraries
[12:44:07] [Server thread/INFO]: [Citizens] No translation for system language (ko_KR): defaulting to English
[12:44:07] [Server thread/INFO]: [PlaceholderAPI] Successfully registered expansion: citizensplaceholder [1.0.0]
[12:44:07] [Server thread/INFO]: [Citizens] Loaded economy handling via Vault.
[12:44:07] [Server thread/INFO]: [SimpleScore] Enabling SimpleScore v3.12.2
[12:44:08] [Server thread/INFO]: [SimpleScore] It looks like your server doesn't have ProtocolLib, install ProtocolLib for even better performance and compatibility with other plugins.
[12:44:08] [Server thread/INFO]: [SimpleScore] https://www.spigotmc.org/resources/protocollib.1997/
[12:44:08] [Server thread/INFO]: [PlaceholderAPI] Successfully registered expansion: SimpleScore [3.12.2]
[12:44:08] [Server thread/INFO]: [Residence] Enabling Residence v5.1.1.3
[12:44:08] [Server thread/INFO]: [0;32;1m[[0;33;22mResidence[0;32;1m][0;37;22m Loaded (2) groups[m
[12:44:08] [Server thread/INFO]: [0;32;1m[[0;33;22mResidence[0;32;1m][0;37;22m Found Vault, but Vault reported no usable permissions system...[m
[12:44:08] [Server thread/INFO]: [0;32;1m[[0;33;22mResidence[0;32;1m][0;37;22m Permissions plugin NOT FOUND![m
[12:44:09] [Server thread/INFO]: [0;32;1m[[0;33;22mResidence[0;32;1m][0;37;22m Scanning for economy systems...[m
[12:44:09] [Server thread/INFO]: [0;32;1m[[0;33;22mResidence[0;32;1m][0;37;22m Found Vault using economy: [0;35;22mEssentialsX Economy[m
[12:44:09] [Server thread/INFO]: [0;32;1m[[0;33;22mResidence[0;32;1m][0;37;22m Loaded world data into memory. (2 ms) -> 0 residences[m
[12:44:09] [Server thread/INFO]: [0;32;1m[[0;33;22mResidence[0;32;1m][0;37;22m Loaded world_the_end data into memory. (0 ms) -> 0 residences[m
[12:44:09] [Server thread/INFO]: [0;32;1m[[0;33;22mResidence[0;32;1m][0;37;22m Loaded world_nether data into memory. (0 ms) -> 0 residences[m
[12:44:09] [Server thread/INFO]: [0;32;1m[[0;33;22mResidence[0;32;1m][0;37;22m Found WorldEdit 7.2.14+6360-094b734[m
[12:44:09] [Server thread/INFO]: [0;32;1m[[0;33;22mResidence[0;32;1m][0;37;22m Found WorldGuard 7.0.8-beta-01+cbb2ba7[m
[12:44:09] [Server thread/INFO]: [PlaceholderAPI] Successfully registered expansion: residence [5.1.1.3]
[12:44:09] [Server thread/INFO]: [0;32;1m[[0;33;22mResidence[0;32;1m][0;37;22m PlaceholderAPI was found - Enabling capabilities.[m
[12:44:09] [Server thread/INFO]: [0;32;1m[[0;33;22mResidence[0;32;1m][0;37;22m Enabled! Version 5.1.1.3 by Zrips[m
[12:44:09] [Server thread/INFO]: [dtlTraders] Enabling dtlTraders v6.4.18
[12:44:09] [Server thread/INFO]: [0;36;1mdtlTraders> [0;36;22mWelcome to dtlTraders v6.4.18![m
[12:44:09] [Server thread/WARN]: Initializing Legacy Material Support. Unless you have legacy plugins and/or data this is a bug!
[12:44:13] [Server thread/INFO]: [0;36;1mdtlTraders> [0;36;22mTrying to hook into any Vault supported plugin...[m
[12:44:13] [Server thread/INFO]: [0;36;1mdtlTraders> [0;36;22mVault found! Trying to hook...[m
[12:44:13] [Server thread/INFO]: [0;36;1mdtlTraders> [0;36;1mFound economy plugin: [0;36;22mEssentialsX Economy[m
[12:44:13] [Server thread/ERROR]: Cannot load plugins\dtlTraders\shops\main\main.yml
org.bukkit.configuration.InvalidConfigurationException: unacceptable code point ' ' (0x0) special characters are not allowed
in "'reader'", position 0
	at org.bukkit.configuration.file.YamlConfiguration.loadFromString(YamlConfiguration.java:110) ~[spigot-api-1.19.4-R0.1-SNAPSHOT.jar:?]
	at org.bukkit.configuration.file.FileConfiguration.load(FileConfiguration.java:160) ~[spigot-api-1.19.4-R0.1-SNAPSHOT.jar:?]
	at org.bukkit.configuration.file.FileConfiguration.load(FileConfiguration.java:128) ~[spigot-api-1.19.4-R0.1-SNAPSHOT.jar:?]
	at org.bukkit.configuration.file.YamlConfiguration.loadConfiguration(YamlConfiguration.java:308) ~[spigot-api-1.19.4-R0.1-SNAPSHOT.jar:?]
	at com.degitise.minevid.dtlTraders.data.configs.Config.reload(Config.java:190) ~[?:?]
	at com.degitise.minevid.dtlTraders.data.configs.Config.get(Config.java:185) ~[?:?]
	at com.degitise.minevid.dtlTraders.guis.guiservices.GuiListService.reloadGUIs(GuiListService.java:73) ~[?:?]
	at com.degitise.minevid.dtlTraders.guis.guiservices.GuiListService.<init>(GuiListService.java:53) ~[?:?]
	at com.degitise.minevid.dtlTraders.Main.onEnable(Main.java:198) ~[?:?]
	at org.bukkit.plugin.java.JavaPlugin.setEnabled(JavaPlugin.java:266) ~[spigot-api-1.19.4-R0.1-SNAPSHOT.jar:?]
	at org.bukkit.plugin.java.JavaPluginLoader.enablePlugin(JavaPluginLoader.java:342) ~[spigot-api-1.19.4-R0.1-SNAPSHOT.jar:?]
	at org.bukkit.plugin.SimplePluginManager.enablePlugin(SimplePluginManager.java:480) ~[spigot-api-1.19.4-R0.1-SNAPSHOT.jar:?]
	at org.bukkit.craftbukkit.v1_19_R3.CraftServer.enablePlugin(CraftServer.java:541) ~[spigot-1.19.4-R0.1-SNAPSHOT.jar:3760-Spigot-7d7b241-1f2dd8e]
	at org.bukkit.craftbukkit.v1_19_R3.CraftServer.enablePlugins(CraftServer.java:455) ~[spigot-1.19.4-R0.1-SNAPSHOT.jar:3760-Spigot-7d7b241-1f2dd8e]
	at net.minecraft.server.MinecraftServer.loadWorld0(MinecraftServer.java:589) ~[spigot-1.19.4-R0.1-SNAPSHOT.jar:3760-Spigot-7d7b241-1f2dd8e]
	at net.minecraft.server.MinecraftServer.loadLevel(MinecraftServer.java:414) ~[spigot-1.19.4-R0.1-SNAPSHOT.jar:3760-Spigot-7d7b241-1f2dd8e]
	at net.minecraft.server.dedicated.DedicatedServer.e(DedicatedServer.java:250) ~[spigot-1.19.4-R0.1-SNAPSHOT.jar:3760-Spigot-7d7b241-1f2dd8e]
	at net.minecraft.server.MinecraftServer.w(MinecraftServer.java:975) ~[spigot-1.19.4-R0.1-SNAPSHOT.jar:3760-Spigot-7d7b241-1f2dd8e]
	at net.minecraft.server.MinecraftServer.lambda$0(MinecraftServer.java:304) ~[spigot-1.19.4-R0.1-SNAPSHOT.jar:3760-Spigot-7d7b241-1f2dd8e]
	at java.lang.Thread.run(Thread.java:842) ~[?:?]
Caused by: org.yaml.snakeyaml.reader.ReaderException: special characters are not allowed
	at org.yaml.snakeyaml.reader.StreamReader.update(StreamReader.java:204) ~[snakeyaml-1.33.jar:?]
	at org.yaml.snakeyaml.reader.StreamReader.ensureEnoughData(StreamReader.java:169) ~[snakeyaml-1.33.jar:?]
	at org.yaml.snakeyaml.reader.StreamReader.ensureEnoughData(StreamReader.java:164) ~[snakeyaml-1.33.jar:?]
	at org.yaml.snakeyaml.reader.StreamReader.peek(StreamReader.java:119) ~[snakeyaml-1.33.jar:?]
	at org.yaml.snakeyaml.scanner.ScannerImpl.scanToNextToken(ScannerImpl.java:1229) ~[snakeyaml-1.33.jar:?]
	at org.yaml.snakeyaml.scanner.ScannerImpl.fetchMoreTokens(ScannerImpl.java:345) ~[snakeyaml-1.33.jar:?]
	at org.yaml.snakeyaml.scanner.ScannerImpl.checkToken(ScannerImpl.java:263) ~[snakeyaml-1.33.jar:?]
	at org.yaml.snakeyaml.parser.ParserImpl$ParseImplicitDocumentStart.produce(ParserImpl.java:235) ~[snakeyaml-1.33.jar:?]
	at org.yaml.snakeyaml.parser.ParserImpl.peekEvent(ParserImpl.java:185) ~[snakeyaml-1.33.jar:?]
	at org.yaml.snakeyaml.parser.ParserImpl.checkEvent(ParserImpl.java:175) ~[snakeyaml-1.33.jar:?]
	at org.yaml.snakeyaml.composer.Composer.getSingleNode(Composer.java:159) ~[snakeyaml-1.33.jar:?]
	at org.yaml.snakeyaml.Yaml.compose(Yaml.java:559) ~[snakeyaml-1.33.jar:?]
	at org.bukkit.configuration.file.YamlConfiguration.loadFromString(YamlConfiguration.java:103) ~[spigot-api-1.19.4-R0.1-SNAPSHOT.jar:?]
	... 19 more
[12:44:13] [Server thread/INFO]: [0;36;1mdtlTraders> [0;32;1mLoaded 7 guis from the guis config![m
[12:44:13] [Server thread/INFO]: [0;36;1mdtlTraders> [0;32;1mHooking into Citizens![m
[12:44:13] [Server thread/INFO]: [0;36;1mdtlTraders> [0;32;1mHooking into PlaceholderAPI[m
[12:44:13] [Server thread/INFO]: [0;36;1mdtlTraders> [0;31;1mdtlTraders is managed by Degitise. [0;36;1mwww.degitise.com[m
[12:44:13] [Server thread/INFO]: [0;36;1mdtlTraders> [0;31;1mUnlock premium features with [0;33;22mdtlTradersPlus![m
[12:44:13] [Server thread/INFO]: [0;36;1mdtlTraders> [0;31;1mBuy your copy at: [0;36;1mhttps://www.spigotmc.org/resources/dtltradersplus.63690/[m
[12:44:13] [Server thread/INFO]: Server permissions file permissions.yml is empty, ignoring it
[12:44:13] [Server thread/INFO]: [PlaceholderAPI] Placeholder expansion registration initializing...
[12:44:13] [Server thread/INFO]: Done (33.524s)! For help, type "help"
[12:44:13] [Server thread/INFO]: Loading plugins
[12:44:13] [Server thread/INFO]: Loaded 0 plugin(s)
[12:44:13] [Server thread/INFO]: Initializing plugins
[12:44:13] [Server thread/INFO]: Initialized 0 plugin(s)
[12:44:13] [Server thread/INFO]: Using default voicechat socket implementation
[12:44:13] [Server thread/INFO]: Essentials found a compatible payment resolution method: Vault Compatibility Layer (v1.7.3-b131)!
[12:44:13] [Craft Scheduler Thread - 2/INFO]: Â§6ë²„ì „ ì •ë³´ë¥¼ ê°€ì ¸ì˜¤ëŠ”ì¤‘...
[12:44:13] [Server thread/WARN]: [PlaceholderAPI] Loaded class net.milkbowl.vault.economy.Economy from Vault v1.7.3-b131 which is not a depend or softdepend of this plugin.
[12:44:13] [Server thread/INFO]: [PlaceholderAPI] Successfully registered expansion: vault [1.8.1]
[12:44:13] [Server thread/INFO]: [0;32;1m1 placeholder hook(s) registered! [0;33;22m1 placeholder hook(s) have an update available.[m
[12:44:13] [VoiceChatServerThread/INFO]: Server started at port 25565
[12:44:14] [Server thread/INFO]: [Citizens] Loaded 7 NPCs.
[12:44:14] [Craft Scheduler Thread - 4/INFO]: [Vault] Checking for Updates ... 
[12:44:15] [Craft Scheduler Thread - 4/INFO]: [Vault] No new version available
[12:44:15] [Craft Scheduler Thread - 1/INFO]: [0;32;22mNew version of CMILib was detected. Please update it[m
[12:44:15] [Craft Scheduler Thread - 5/INFO]: _________________/ Residence \_________________
[12:44:15] [Craft Scheduler Thread - 5/INFO]: | 5.1.4.3 is now available! Your version: 5.1.1.3
[12:44:15] [Craft Scheduler Thread - 5/INFO]: ----------------------------------------[m
[12:44:15] [Craft Scheduler Thread - 3/WARN]: [SimpleScore] New version (v3.12.5) available, download at:
[12:44:15] [Craft Scheduler Thread - 3/WARN]: [SimpleScore] https://www.spigotmc.org/resources/23243/
[12:44:15] [Server thread/INFO]: [PlaceholderAPI] An update for PlaceholderAPI (v2.11.5) is available at:
[12:44:15] [Server thread/INFO]: [PlaceholderAPI] https://www.spigotmc.org/resources/placeholderapi.6245/
[12:44:15] [Craft Scheduler Thread - 2/WARN]: Â§4ìƒˆ ë²„ì „ì˜ EssentialsX ë¥¼ ë‹¤ìš´ë¡œë“œí•  ìˆ˜ ìžˆìŠµë‹ˆë‹¤: Â§c2.20.1Â§4.
[12:44:15] [Craft Scheduler Thread - 2/WARN]: Â§4ì—¬ê¸°ì„œ ë‹¤ìš´ë¡œë“œ:Â§c https://essentialsx.net/downloads.html?branch=stable
[12:44:35] [User Authenticator #1/INFO]: UUID of player Ri_MU_L is 13b316a2-cb44-4e24-8800-211a6a10ed22
[12:44:35] [Server thread/INFO]: Ri_MU_L joined the game
[12:44:35] [Server thread/INFO]: Ri_MU_L[/192.168.29.177:60400] logged in with entity id 285 at ([world]201.10421783090143, 75.24313996495438, 55.51368948118005)
[12:44:35] [Server thread/INFO]: Received secret request of Ri_MU_L (17)
[12:44:35] [Server thread/INFO]: Sent secret to Ri_MU_L
[12:44:37] [VoiceChatPacketProcessingThread/INFO]: Successfully authenticated player 13b316a2-cb44-4e24-8800-211a6a10ed22
[12:44:38] [VoiceChatPacketProcessingThread/INFO]: Successfully validated connection of player 13b316a2-cb44-4e24-8800-211a6a10ed22
[12:44:38] [VoiceChatPacketProcessingThread/INFO]: Player Ri_MU_L (13b316a2-cb44-4e24-8800-211a6a10ed22) successfully connected to voice chat
[12:44:45] [Server thread/INFO]: Ri_MU_L issued server command: /res listall
[12:45:00] [Server thread/INFO]: Ri_MU_L issued server command: /deop Ri_MU_L
[12:45:00] [Server thread/INFO]: [Ri_MU_L: Made Ri_MU_L no longer a server operator]
[12:45:04] [Server thread/INFO]: Ri_MU_L issued server command: /res listall
[12:46:16] [Server thread/INFO]: Made Ri_MU_L a server operator
[12:46:27] [Server thread/INFO]: Ri_MU_L issued server command: /res list
[12:46:31] [Server thread/INFO]: Ri_MU_L issued server command: /res listall
[12:49:21] [Server thread/INFO]: Ri_MU_L issued server command: /res list
[12:49:27] [Server thread/INFO]: Ri_MU_L issued server command: /res list Ri_MU_L
[12:50:03] [Server thread/INFO]: Ri_MU_L issued server command: /res listall
[12:50:28] [Server thread/INFO]: Ri_MU_L issued server command: /resadmin listall
[12:50:31] [Server thread/INFO]: Ri_MU_L issued server command: /resadmin list
[12:50:36] [Server thread/INFO]: Ri_MU_L issued server command: /resadmin listhidden
[12:50:41] [Server thread/INFO]: Ri_MU_L issued server command: /resadmin list
[12:50:47] [Server thread/INFO]: Ri_MU_L issued server command: /resadmin listhidden
[12:50:58] [Server thread/INFO]: [0;33;1mNothing to show[m
[12:51:06] [Server thread/INFO]: [0;33;1mNothing to show[m
[12:53:21] [Server thread/INFO]: Ri_MU_L lost connection: Disconnected
[12:53:21] [Server thread/INFO]: Disconnecting client Ri_MU_L
[12:53:21] [Server thread/INFO]: Ri_MU_L left the game
[12:54:00] [Server thread/INFO]: Stopping the server
[12:54:00] [Server thread/INFO]: Stopping server
[12:54:00] [Server thread/INFO]: [dtlTraders] Disabling dtlTraders v6.4.18
[12:54:00] [Server thread/INFO]: [0;36;1mdtlTraders> [0;33;22mSaving shops before shutting down...[m
[12:54:00] [Server thread/INFO]: [0;36;1mdtlTraders> [0;32;1mShops Saved![m
[12:54:00] [Server thread/INFO]: [Residence] Disabling Residence v5.1.1.3
[12:54:00] [Server thread/INFO]: [0;32;1m[[0;33;22mResidence[0;32;1m][0;37;22m Disabled![m
[12:54:00] [Server thread/INFO]: [SimpleScore] Disabling SimpleScore v3.12.2
[12:54:00] [Server thread/INFO]: [Citizens] Disabling Citizens v2.0.31-SNAPSHOT (build 3100)
[12:54:00] [Server thread/INFO]: [WorldGuard] Disabling WorldGuard v7.0.8-beta-01+cbb2ba7
[12:54:01] [Server thread/INFO]: [WorldGuard] Shutting down executor and cancelling any pending tasks...
[12:54:01] [Server thread/INFO]: Disabling Essentials v2.20.0
[12:54:01] [Server thread/INFO]: [Vault] [Economy] Essentials Economy unhooked.
[12:54:01] [Server thread/INFO]: [WorldEdit] Disabling WorldEdit v7.2.14+6360-094b734
[12:54:01] [Server thread/INFO]: Unregistering com.sk89q.worldedit.bukkit.BukkitServerInterface from WorldEdit
[12:54:01] [Server thread/INFO]: [voicechat] Disabling voicechat v2.4.8
[12:54:01] [Server thread/INFO]: [CMILib] Disabling CMILib v1.2.5.5
[12:54:01] [Server thread/INFO]: [PlaceholderAPI] Disabling PlaceholderAPI v2.11.3
[12:54:01] [Server thread/INFO]: [Vault] Disabling Vault v1.7.3-b131
[12:54:01] [Server thread/INFO]: Saving players
[12:54:01] [Server thread/INFO]: Saving worlds
[12:54:03] [Server thread/INFO]: Saving chunks for level 'ServerLevel[world]'/minecraft:overworld
[12:54:04] [Server thread/INFO]: Saving chunks for level 'ServerLevel[world_nether]'/minecraft:the_nether
[12:54:04] [Server thread/INFO]: Saving chunks for level 'ServerLevel[world_the_end]'/minecraft:the_end
[12:54:04] [Server thread/INFO]: ThreadedAnvilChunkStorage (world): All chunks are saved
[12:54:04] [Server thread/INFO]: ThreadedAnvilChunkStorage (DIM-1): All chunks are saved
[12:54:04] [Server thread/INFO]: ThreadedAnvilChunkStorage (DIM1): All chunks are saved
[12:54:04] [Server thread/INFO]: ThreadedAnvilChunkStorage: All dimensions are saved
